<?xml version="1.0" encoding="UTF-8"?>
<!-- Generated by org.testng.reporters.JUnitReportReporter -->
<testsuite hostname="Milan-PC" failures="0" tests="1" name="Login" time="13.967" errors="0" timestamp="14 Oct 2019 12:27:23 GMT" skipped="0">
  <testcase classname="Login" name="main" time="13.967"/>
</testsuite> <!-- Login -->
