<?xml version="1.0" encoding="UTF-8"?>
<!-- Generated by org.testng.reporters.JUnitReportReporter -->
<testsuite hostname="Milan-PC" failures="0" tests="1" name="NewWindow" time="20.088" errors="0" timestamp="14 Oct 2019 12:27:23 GMT" skipped="0">
  <testcase classname="NewWindow" name="main" time="20.088"/>
</testsuite> <!-- NewWindow -->
