<?xml version="1.0" encoding="UTF-8"?>
<!-- Generated by org.testng.reporters.JUnitReportReporter -->
<testsuite hostname="Milan-PC" failures="0" tests="1" name="AdminPage" time="28.866" errors="0" timestamp="14 Oct 2019 12:27:23 GMT" skipped="0">
  <testcase classname="AdminPage" name="main" time="28.866"/>
</testsuite> <!-- AdminPage -->
