<?xml version="1.0" encoding="UTF-8"?>
<!-- Generated by org.testng.reporters.JUnitReportReporter -->
<testsuite hostname="Milan-PC" failures="0" tests="1" name="ScrollPage" time="17.803" errors="0" timestamp="14 Oct 2019 12:27:22 GMT" skipped="0">
  <testcase classname="ScrollPage" name="main" time="17.803"/>
</testsuite> <!-- ScrollPage -->
