<?xml version="1.0" encoding="UTF-8"?>
<!-- Generated by org.testng.reporters.JUnitReportReporter -->
<testsuite hostname="Milan-PC" failures="0" tests="1" name="Changepasswrd" time="26.649" errors="0" timestamp="14 Oct 2019 12:27:23 GMT" skipped="0">
  <testcase classname="Changepasswrd" name="main" time="26.649"/>
</testsuite> <!-- Changepasswrd -->
